[2022-03-20T18:00:06.745] [ERROR] default - Error: TypeError: Cannot read properties of undefined (reading 'updateOne')
[2022-03-27T17:03:36.957] [ERROR] default - MongooseError: Cannot populate path `products` because it is not in your schema. Set the `strictPopulate` option to false to override.
    at getModelsMapForPopulate (C:\Users\Franco\Desktop\tercer entrega\e-commerce\node_modules\mongoose\lib\helpers\populate\getModelsMapForPopulate.js:47:12)
    at populate (C:\Users\Franco\Desktop\tercer entrega\e-commerce\node_modules\mongoose\lib\model.js:4485:21)
    at _populate (C:\Users\Franco\Desktop\tercer entrega\e-commerce\node_modules\mongoose\lib\model.js:4445:5)
    at C:\Users\Franco\Desktop\tercer entrega\e-commerce\node_modules\mongoose\lib\model.js:4423:5
    at promiseOrCallback (C:\Users\Franco\Desktop\tercer entrega\e-commerce\node_modules\mongoose\lib\helpers\promiseOrCallback.js:10:12)
    at Mongoose._promiseOrCallback (C:\Users\Franco\Desktop\tercer entrega\e-commerce\node_modules\mongoose\lib\index.js:1140:10)
    at Function.Model.populate (C:\Users\Franco\Desktop\tercer entrega\e-commerce\node_modules\mongoose\lib\model.js:4421:23)
    at C:\Users\Franco\Desktop\tercer entrega\e-commerce\node_modules\mongoose\lib\query.js:2409:11
    at C:\Users\Franco\Desktop\tercer entrega\e-commerce\node_modules\mongoose\lib\query.js:3207:21
    at processTicksAndRejections (node:internal/process/task_queues:78:11)
[2022-03-27T17:05:26.173] [ERROR] default - MongooseError: Cannot populate path `products` because it is not in your schema. Set the `strictPopulate` option to false to override.
    at getModelsMapForPopulate (C:\Users\Franco\Desktop\tercer entrega\e-commerce\node_modules\mongoose\lib\helpers\populate\getModelsMapForPopulate.js:47:12)
    at populate (C:\Users\Franco\Desktop\tercer entrega\e-commerce\node_modules\mongoose\lib\model.js:4485:21)
    at _populate (C:\Users\Franco\Desktop\tercer entrega\e-commerce\node_modules\mongoose\lib\model.js:4445:5)
    at C:\Users\Franco\Desktop\tercer entrega\e-commerce\node_modules\mongoose\lib\model.js:4423:5
    at promiseOrCallback (C:\Users\Franco\Desktop\tercer entrega\e-commerce\node_modules\mongoose\lib\helpers\promiseOrCallback.js:10:12)
    at Mongoose._promiseOrCallback (C:\Users\Franco\Desktop\tercer entrega\e-commerce\node_modules\mongoose\lib\index.js:1140:10)
    at Function.Model.populate (C:\Users\Franco\Desktop\tercer entrega\e-commerce\node_modules\mongoose\lib\model.js:4421:23)
    at C:\Users\Franco\Desktop\tercer entrega\e-commerce\node_modules\mongoose\lib\query.js:2409:11
    at C:\Users\Franco\Desktop\tercer entrega\e-commerce\node_modules\mongoose\lib\query.js:3207:21
    at processTicksAndRejections (node:internal/process/task_queues:78:11)
[2022-03-27T17:05:27.546] [ERROR] default - MongooseError: Cannot populate path `products` because it is not in your schema. Set the `strictPopulate` option to false to override.
    at getModelsMapForPopulate (C:\Users\Franco\Desktop\tercer entrega\e-commerce\node_modules\mongoose\lib\helpers\populate\getModelsMapForPopulate.js:47:12)
    at populate (C:\Users\Franco\Desktop\tercer entrega\e-commerce\node_modules\mongoose\lib\model.js:4485:21)
    at _populate (C:\Users\Franco\Desktop\tercer entrega\e-commerce\node_modules\mongoose\lib\model.js:4445:5)
    at C:\Users\Franco\Desktop\tercer entrega\e-commerce\node_modules\mongoose\lib\model.js:4423:5
    at promiseOrCallback (C:\Users\Franco\Desktop\tercer entrega\e-commerce\node_modules\mongoose\lib\helpers\promiseOrCallback.js:10:12)
    at Mongoose._promiseOrCallback (C:\Users\Franco\Desktop\tercer entrega\e-commerce\node_modules\mongoose\lib\index.js:1140:10)
    at Function.Model.populate (C:\Users\Franco\Desktop\tercer entrega\e-commerce\node_modules\mongoose\lib\model.js:4421:23)
    at C:\Users\Franco\Desktop\tercer entrega\e-commerce\node_modules\mongoose\lib\query.js:2409:11
    at C:\Users\Franco\Desktop\tercer entrega\e-commerce\node_modules\mongoose\lib\query.js:3207:21
    at processTicksAndRejections (node:internal/process/task_queues:78:11)
[2022-03-27T18:02:03.379] [ERROR] default - MongooseError: Cannot populate path `products` because it is not in your schema. Set the `strictPopulate` option to false to override.
    at getModelsMapForPopulate (C:\Users\Franco\Desktop\tercer entrega\e-commerce\node_modules\mongoose\lib\helpers\populate\getModelsMapForPopulate.js:47:12)
    at populate (C:\Users\Franco\Desktop\tercer entrega\e-commerce\node_modules\mongoose\lib\model.js:4485:21)
    at _populate (C:\Users\Franco\Desktop\tercer entrega\e-commerce\node_modules\mongoose\lib\model.js:4445:5)
    at C:\Users\Franco\Desktop\tercer entrega\e-commerce\node_modules\mongoose\lib\model.js:4423:5
    at promiseOrCallback (C:\Users\Franco\Desktop\tercer entrega\e-commerce\node_modules\mongoose\lib\helpers\promiseOrCallback.js:10:12)
    at Mongoose._promiseOrCallback (C:\Users\Franco\Desktop\tercer entrega\e-commerce\node_modules\mongoose\lib\index.js:1140:10)
    at Function.Model.populate (C:\Users\Franco\Desktop\tercer entrega\e-commerce\node_modules\mongoose\lib\model.js:4421:23)
    at C:\Users\Franco\Desktop\tercer entrega\e-commerce\node_modules\mongoose\lib\query.js:2409:11
    at C:\Users\Franco\Desktop\tercer entrega\e-commerce\node_modules\mongoose\lib\query.js:3207:21
    at processTicksAndRejections (node:internal/process/task_queues:78:11)
[2022-03-27T18:04:34.811] [ERROR] default - MongooseError: Cannot populate path `products` because it is not in your schema. Set the `strictPopulate` option to false to override.
    at getModelsMapForPopulate (C:\Users\Franco\Desktop\tercer entrega\e-commerce\node_modules\mongoose\lib\helpers\populate\getModelsMapForPopulate.js:47:12)
    at populate (C:\Users\Franco\Desktop\tercer entrega\e-commerce\node_modules\mongoose\lib\model.js:4485:21)
    at _populate (C:\Users\Franco\Desktop\tercer entrega\e-commerce\node_modules\mongoose\lib\model.js:4445:5)
    at C:\Users\Franco\Desktop\tercer entrega\e-commerce\node_modules\mongoose\lib\model.js:4423:5
    at promiseOrCallback (C:\Users\Franco\Desktop\tercer entrega\e-commerce\node_modules\mongoose\lib\helpers\promiseOrCallback.js:10:12)
    at Mongoose._promiseOrCallback (C:\Users\Franco\Desktop\tercer entrega\e-commerce\node_modules\mongoose\lib\index.js:1140:10)
    at Function.Model.populate (C:\Users\Franco\Desktop\tercer entrega\e-commerce\node_modules\mongoose\lib\model.js:4421:23)
    at C:\Users\Franco\Desktop\tercer entrega\e-commerce\node_modules\mongoose\lib\query.js:2409:11
    at C:\Users\Franco\Desktop\tercer entrega\e-commerce\node_modules\mongoose\lib\query.js:3207:21
    at processTicksAndRejections (node:internal/process/task_queues:78:11)
[2022-03-27T18:04:38.534] [ERROR] default - MongooseError: Cannot populate path `products` because it is not in your schema. Set the `strictPopulate` option to false to override.
    at getModelsMapForPopulate (C:\Users\Franco\Desktop\tercer entrega\e-commerce\node_modules\mongoose\lib\helpers\populate\getModelsMapForPopulate.js:47:12)
    at populate (C:\Users\Franco\Desktop\tercer entrega\e-commerce\node_modules\mongoose\lib\model.js:4485:21)
    at _populate (C:\Users\Franco\Desktop\tercer entrega\e-commerce\node_modules\mongoose\lib\model.js:4445:5)
    at C:\Users\Franco\Desktop\tercer entrega\e-commerce\node_modules\mongoose\lib\model.js:4423:5
    at promiseOrCallback (C:\Users\Franco\Desktop\tercer entrega\e-commerce\node_modules\mongoose\lib\helpers\promiseOrCallback.js:10:12)
    at Mongoose._promiseOrCallback (C:\Users\Franco\Desktop\tercer entrega\e-commerce\node_modules\mongoose\lib\index.js:1140:10)
    at Function.Model.populate (C:\Users\Franco\Desktop\tercer entrega\e-commerce\node_modules\mongoose\lib\model.js:4421:23)
    at C:\Users\Franco\Desktop\tercer entrega\e-commerce\node_modules\mongoose\lib\query.js:2409:11
    at C:\Users\Franco\Desktop\tercer entrega\e-commerce\node_modules\mongoose\lib\query.js:3207:21
    at processTicksAndRejections (node:internal/process/task_queues:78:11)
[2022-03-27T18:08:31.814] [ERROR] default - MongooseError: Cannot populate path `products` because it is not in your schema. Set the `strictPopulate` option to false to override.
    at getModelsMapForPopulate (C:\Users\Franco\Desktop\tercer entrega\e-commerce\node_modules\mongoose\lib\helpers\populate\getModelsMapForPopulate.js:47:12)
    at populate (C:\Users\Franco\Desktop\tercer entrega\e-commerce\node_modules\mongoose\lib\model.js:4485:21)
    at _populate (C:\Users\Franco\Desktop\tercer entrega\e-commerce\node_modules\mongoose\lib\model.js:4445:5)
    at C:\Users\Franco\Desktop\tercer entrega\e-commerce\node_modules\mongoose\lib\model.js:4423:5
    at promiseOrCallback (C:\Users\Franco\Desktop\tercer entrega\e-commerce\node_modules\mongoose\lib\helpers\promiseOrCallback.js:10:12)
    at Mongoose._promiseOrCallback (C:\Users\Franco\Desktop\tercer entrega\e-commerce\node_modules\mongoose\lib\index.js:1140:10)
    at Function.Model.populate (C:\Users\Franco\Desktop\tercer entrega\e-commerce\node_modules\mongoose\lib\model.js:4421:23)
    at C:\Users\Franco\Desktop\tercer entrega\e-commerce\node_modules\mongoose\lib\query.js:2409:11
    at C:\Users\Franco\Desktop\tercer entrega\e-commerce\node_modules\mongoose\lib\query.js:3207:21
    at processTicksAndRejections (node:internal/process/task_queues:78:11)
[2022-03-27T20:59:03.275] [ERROR] default - TypeError: Cannot read properties of undefined (reading 'update')
    at CartService.addProduct (file:///C:/Users/Franco/Desktop/tercer%20entrega/e-commerce/src/services/carts.js:11:51)
    at file:///C:/Users/Franco/Desktop/tercer%20entrega/e-commerce/src/routes/cart.js:21:17
    at Layer.handle [as handle_request] (C:\Users\Franco\Desktop\tercer entrega\e-commerce\node_modules\express\lib\router\layer.js:95:5)
    at next (C:\Users\Franco\Desktop\tercer entrega\e-commerce\node_modules\express\lib\router\route.js:137:13)
    at Route.dispatch (C:\Users\Franco\Desktop\tercer entrega\e-commerce\node_modules\express\lib\router\route.js:112:3)
    at Layer.handle [as handle_request] (C:\Users\Franco\Desktop\tercer entrega\e-commerce\node_modules\express\lib\router\layer.js:95:5)
    at C:\Users\Franco\Desktop\tercer entrega\e-commerce\node_modules\express\lib\router\index.js:281:22
    at param (C:\Users\Franco\Desktop\tercer entrega\e-commerce\node_modules\express\lib\router\index.js:360:14)
    at param (C:\Users\Franco\Desktop\tercer entrega\e-commerce\node_modules\express\lib\router\index.js:371:14)
    at Function.process_params (C:\Users\Franco\Desktop\tercer entrega\e-commerce\node_modules\express\lib\router\index.js:416:3)
[2022-03-27T21:00:56.332] [ERROR] default - TypeError: Cannot read properties of undefined (reading 'update')
    at CartService.addProduct (file:///C:/Users/Franco/Desktop/tercer%20entrega/e-commerce/src/services/carts.js:12:51)
    at file:///C:/Users/Franco/Desktop/tercer%20entrega/e-commerce/src/routes/cart.js:21:17
    at Layer.handle [as handle_request] (C:\Users\Franco\Desktop\tercer entrega\e-commerce\node_modules\express\lib\router\layer.js:95:5)
    at next (C:\Users\Franco\Desktop\tercer entrega\e-commerce\node_modules\express\lib\router\route.js:137:13)
    at Route.dispatch (C:\Users\Franco\Desktop\tercer entrega\e-commerce\node_modules\express\lib\router\route.js:112:3)
    at Layer.handle [as handle_request] (C:\Users\Franco\Desktop\tercer entrega\e-commerce\node_modules\express\lib\router\layer.js:95:5)
    at C:\Users\Franco\Desktop\tercer entrega\e-commerce\node_modules\express\lib\router\index.js:281:22
    at param (C:\Users\Franco\Desktop\tercer entrega\e-commerce\node_modules\express\lib\router\index.js:360:14)
    at param (C:\Users\Franco\Desktop\tercer entrega\e-commerce\node_modules\express\lib\router\index.js:371:14)
    at Function.process_params (C:\Users\Franco\Desktop\tercer entrega\e-commerce\node_modules\express\lib\router\index.js:416:3)
[2022-03-27T21:05:17.592] [ERROR] default - Error: Entity [object Object] not in dao schemas
    at Dao.update (file:///C:/Users/Franco/Desktop/tercer%20entrega/e-commerce/src/models/Dao.js:52:40)
    at CartService.addProduct (file:///C:/Users/Franco/Desktop/tercer%20entrega/e-commerce/src/services/carts.js:11:39)
    at file:///C:/Users/Franco/Desktop/tercer%20entrega/e-commerce/src/routes/cart.js:21:17
    at Layer.handle [as handle_request] (C:\Users\Franco\Desktop\tercer entrega\e-commerce\node_modules\express\lib\router\layer.js:95:5)
    at next (C:\Users\Franco\Desktop\tercer entrega\e-commerce\node_modules\express\lib\router\route.js:137:13)
    at Route.dispatch (C:\Users\Franco\Desktop\tercer entrega\e-commerce\node_modules\express\lib\router\route.js:112:3)
    at Layer.handle [as handle_request] (C:\Users\Franco\Desktop\tercer entrega\e-commerce\node_modules\express\lib\router\layer.js:95:5)
    at C:\Users\Franco\Desktop\tercer entrega\e-commerce\node_modules\express\lib\router\index.js:281:22
    at param (C:\Users\Franco\Desktop\tercer entrega\e-commerce\node_modules\express\lib\router\index.js:360:14)
    at param (C:\Users\Franco\Desktop\tercer entrega\e-commerce\node_modules\express\lib\router\index.js:371:14)
[2022-03-27T21:06:11.186] [ERROR] default - Error: Entity [object Object] not in dao schemas
    at Dao.update (file:///C:/Users/Franco/Desktop/tercer%20entrega/e-commerce/src/models/Dao.js:52:40)
    at CartService.addProduct (file:///C:/Users/Franco/Desktop/tercer%20entrega/e-commerce/src/services/carts.js:12:39)
    at file:///C:/Users/Franco/Desktop/tercer%20entrega/e-commerce/src/routes/cart.js:21:17
    at Layer.handle [as handle_request] (C:\Users\Franco\Desktop\tercer entrega\e-commerce\node_modules\express\lib\router\layer.js:95:5)
    at next (C:\Users\Franco\Desktop\tercer entrega\e-commerce\node_modules\express\lib\router\route.js:137:13)
    at Route.dispatch (C:\Users\Franco\Desktop\tercer entrega\e-commerce\node_modules\express\lib\router\route.js:112:3)
    at Layer.handle [as handle_request] (C:\Users\Franco\Desktop\tercer entrega\e-commerce\node_modules\express\lib\router\layer.js:95:5)
    at C:\Users\Franco\Desktop\tercer entrega\e-commerce\node_modules\express\lib\router\index.js:281:22
    at param (C:\Users\Franco\Desktop\tercer entrega\e-commerce\node_modules\express\lib\router\index.js:360:14)
    at param (C:\Users\Franco\Desktop\tercer entrega\e-commerce\node_modules\express\lib\router\index.js:371:14)
[2022-03-27T21:06:26.467] [ERROR] default - Error: Entity [object Object] not in dao schemas
    at Dao.update (file:///C:/Users/Franco/Desktop/tercer%20entrega/e-commerce/src/models/Dao.js:52:40)
    at CartService.addProduct (file:///C:/Users/Franco/Desktop/tercer%20entrega/e-commerce/src/services/carts.js:12:39)
    at file:///C:/Users/Franco/Desktop/tercer%20entrega/e-commerce/src/routes/cart.js:21:17
    at Layer.handle [as handle_request] (C:\Users\Franco\Desktop\tercer entrega\e-commerce\node_modules\express\lib\router\layer.js:95:5)
    at next (C:\Users\Franco\Desktop\tercer entrega\e-commerce\node_modules\express\lib\router\route.js:137:13)
    at Route.dispatch (C:\Users\Franco\Desktop\tercer entrega\e-commerce\node_modules\express\lib\router\route.js:112:3)
    at Layer.handle [as handle_request] (C:\Users\Franco\Desktop\tercer entrega\e-commerce\node_modules\express\lib\router\layer.js:95:5)
    at C:\Users\Franco\Desktop\tercer entrega\e-commerce\node_modules\express\lib\router\index.js:281:22
    at param (C:\Users\Franco\Desktop\tercer entrega\e-commerce\node_modules\express\lib\router\index.js:360:14)
    at param (C:\Users\Franco\Desktop\tercer entrega\e-commerce\node_modules\express\lib\router\index.js:371:14)
[2022-03-27T21:08:28.378] [ERROR] default - Error: Entity [object Object] not in dao schemas
    at Dao.update (file:///C:/Users/Franco/Desktop/tercer%20entrega/e-commerce/src/models/Dao.js:52:40)
    at CartService.addProduct (file:///C:/Users/Franco/Desktop/tercer%20entrega/e-commerce/src/services/carts.js:12:39)
    at file:///C:/Users/Franco/Desktop/tercer%20entrega/e-commerce/src/routes/cart.js:21:23
    at Layer.handle [as handle_request] (C:\Users\Franco\Desktop\tercer entrega\e-commerce\node_modules\express\lib\router\layer.js:95:5)
    at next (C:\Users\Franco\Desktop\tercer entrega\e-commerce\node_modules\express\lib\router\route.js:137:13)
    at Route.dispatch (C:\Users\Franco\Desktop\tercer entrega\e-commerce\node_modules\express\lib\router\route.js:112:3)
    at Layer.handle [as handle_request] (C:\Users\Franco\Desktop\tercer entrega\e-commerce\node_modules\express\lib\router\layer.js:95:5)
    at C:\Users\Franco\Desktop\tercer entrega\e-commerce\node_modules\express\lib\router\index.js:281:22
    at param (C:\Users\Franco\Desktop\tercer entrega\e-commerce\node_modules\express\lib\router\index.js:360:14)
    at param (C:\Users\Franco\Desktop\tercer entrega\e-commerce\node_modules\express\lib\router\index.js:371:14)
[2022-03-27T21:09:58.966] [ERROR] default - Error: Entity [object Object] not in dao schemas
    at Dao.update (file:///C:/Users/Franco/Desktop/tercer%20entrega/e-commerce/src/models/Dao.js:52:40)
    at CartService.addProduct (file:///C:/Users/Franco/Desktop/tercer%20entrega/e-commerce/src/services/carts.js:12:39)
    at file:///C:/Users/Franco/Desktop/tercer%20entrega/e-commerce/src/routes/cart.js:21:23
    at Layer.handle [as handle_request] (C:\Users\Franco\Desktop\tercer entrega\e-commerce\node_modules\express\lib\router\layer.js:95:5)
    at next (C:\Users\Franco\Desktop\tercer entrega\e-commerce\node_modules\express\lib\router\route.js:137:13)
    at Route.dispatch (C:\Users\Franco\Desktop\tercer entrega\e-commerce\node_modules\express\lib\router\route.js:112:3)
    at Layer.handle [as handle_request] (C:\Users\Franco\Desktop\tercer entrega\e-commerce\node_modules\express\lib\router\layer.js:95:5)
    at C:\Users\Franco\Desktop\tercer entrega\e-commerce\node_modules\express\lib\router\index.js:281:22
    at param (C:\Users\Franco\Desktop\tercer entrega\e-commerce\node_modules\express\lib\router\index.js:360:14)
    at param (C:\Users\Franco\Desktop\tercer entrega\e-commerce\node_modules\express\lib\router\index.js:371:14)
[2022-03-27T21:10:57.186] [ERROR] default - Error: Entity [object Object] not in dao schemas
    at Dao.update (file:///C:/Users/Franco/Desktop/tercer%20entrega/e-commerce/src/models/Dao.js:52:40)
    at CartService.addProduct (file:///C:/Users/Franco/Desktop/tercer%20entrega/e-commerce/src/services/carts.js:12:39)
    at file:///C:/Users/Franco/Desktop/tercer%20entrega/e-commerce/src/routes/cart.js:21:23
    at Layer.handle [as handle_request] (C:\Users\Franco\Desktop\tercer entrega\e-commerce\node_modules\express\lib\router\layer.js:95:5)
    at next (C:\Users\Franco\Desktop\tercer entrega\e-commerce\node_modules\express\lib\router\route.js:137:13)
    at Route.dispatch (C:\Users\Franco\Desktop\tercer entrega\e-commerce\node_modules\express\lib\router\route.js:112:3)
    at Layer.handle [as handle_request] (C:\Users\Franco\Desktop\tercer entrega\e-commerce\node_modules\express\lib\router\layer.js:95:5)
    at C:\Users\Franco\Desktop\tercer entrega\e-commerce\node_modules\express\lib\router\index.js:281:22
    at param (C:\Users\Franco\Desktop\tercer entrega\e-commerce\node_modules\express\lib\router\index.js:360:14)
    at param (C:\Users\Franco\Desktop\tercer entrega\e-commerce\node_modules\express\lib\router\index.js:371:14)
[2022-03-27T21:11:37.339] [ERROR] default - Error: Entity [object Object] not in dao schemas
    at Dao.update (file:///C:/Users/Franco/Desktop/tercer%20entrega/e-commerce/src/models/Dao.js:52:40)
    at CartService.addProduct (file:///C:/Users/Franco/Desktop/tercer%20entrega/e-commerce/src/services/carts.js:12:39)
    at file:///C:/Users/Franco/Desktop/tercer%20entrega/e-commerce/src/routes/cart.js:21:23
    at Layer.handle [as handle_request] (C:\Users\Franco\Desktop\tercer entrega\e-commerce\node_modules\express\lib\router\layer.js:95:5)
    at next (C:\Users\Franco\Desktop\tercer entrega\e-commerce\node_modules\express\lib\router\route.js:137:13)
    at Route.dispatch (C:\Users\Franco\Desktop\tercer entrega\e-commerce\node_modules\express\lib\router\route.js:112:3)
    at Layer.handle [as handle_request] (C:\Users\Franco\Desktop\tercer entrega\e-commerce\node_modules\express\lib\router\layer.js:95:5)
    at C:\Users\Franco\Desktop\tercer entrega\e-commerce\node_modules\express\lib\router\index.js:281:22
    at param (C:\Users\Franco\Desktop\tercer entrega\e-commerce\node_modules\express\lib\router\index.js:360:14)
    at param (C:\Users\Franco\Desktop\tercer entrega\e-commerce\node_modules\express\lib\router\index.js:371:14)
[2022-03-27T21:13:01.179] [ERROR] default - Error: Entity [object Object] not in dao schemas
    at Dao.update (file:///C:/Users/Franco/Desktop/tercer%20entrega/e-commerce/src/models/Dao.js:52:40)
    at CartService.addProduct (file:///C:/Users/Franco/Desktop/tercer%20entrega/e-commerce/src/services/carts.js:11:39)
    at file:///C:/Users/Franco/Desktop/tercer%20entrega/e-commerce/src/routes/cart.js:21:23
    at Layer.handle [as handle_request] (C:\Users\Franco\Desktop\tercer entrega\e-commerce\node_modules\express\lib\router\layer.js:95:5)
    at next (C:\Users\Franco\Desktop\tercer entrega\e-commerce\node_modules\express\lib\router\route.js:137:13)
    at Route.dispatch (C:\Users\Franco\Desktop\tercer entrega\e-commerce\node_modules\express\lib\router\route.js:112:3)
    at Layer.handle [as handle_request] (C:\Users\Franco\Desktop\tercer entrega\e-commerce\node_modules\express\lib\router\layer.js:95:5)
    at C:\Users\Franco\Desktop\tercer entrega\e-commerce\node_modules\express\lib\router\index.js:281:22
    at param (C:\Users\Franco\Desktop\tercer entrega\e-commerce\node_modules\express\lib\router\index.js:360:14)
    at param (C:\Users\Franco\Desktop\tercer entrega\e-commerce\node_modules\express\lib\router\index.js:371:14)
